Using pre-set license
Built from '2020.2/staging' branch; Version is '2020.2.7f1 (c53830e277f1) revision 12924976'; Using compiler version '192528614'; Build Type 'Release'
OS: 'Windows 10 Home; OS build 19043.1110; Version 2009; 64bit' Language: 'pt' Physical Memory: 16238 MB
BatchMode: 1, IsHumanControllingUs: 0, StartBugReporterOnCrash: 0, Is64bit: 1, IsPro: 0

 COMMAND LINE ARGUMENTS:
C:\Program Files\Unity\Hub\Editor\2020.2.7f1\Editor\Unity.exe
-adb2
-batchMode
-noUpm
-name
AssetImportWorker0
-projectPath
C:/Users/digas/Desktop/Project IV - C贸pia
-logFile
Logs/AssetImportWorker0.log
-srvPort
52466
Successfully changed project path to: C:/Users/digas/Desktop/Project IV - C贸pia
C:/Users/digas/Desktop/Project IV - C贸pia
Using Asset Import Pipeline V2.
Refreshing native plugins compatible for Editor in 31.26 ms, found 0 plugins.
Preloading 0 native plugins for Editor in 0.00 ms.
Initialize engine version: 2020.2.7f1 (c53830e277f1)
[Subsystems] Discovering subsystems at path C:/Program Files/Unity/Hub/Editor/2020.2.7f1/Editor/Data/Resources/UnitySubsystems
[Subsystems] Discovering subsystems at path C:/Users/digas/Desktop/Project IV - C贸pia/Assets
GfxDevice: creating device client; threaded=0
Direct3D:
    Version:  Direct3D 11.0 [level 11.1]
    Renderer: NVIDIA GeForce GTX 1050 Ti (ID=0x1c8c)
    Vendor:   
    VRAM:     4021 MB
    Driver:   30.0.14.7111
Initialize mono
Mono path[0] = 'C:/Program Files/Unity/Hub/Editor/2020.2.7f1/Editor/Data/Managed'
Mono path[1] = 'C:/Program Files/Unity/Hub/Editor/2020.2.7f1/Editor/Data/MonoBleedingEdge/lib/mono/unityjit'
Mono config path = 'C:/Program Files/Unity/Hub/Editor/2020.2.7f1/Editor/Data/MonoBleedingEdge/etc'
Using monoOptions --debugger-agent=transport=dt_socket,embedding=1,server=y,suspend=n,address=127.0.0.1:56996
Begin MonoManager ReloadAssembly
Registering precompiled unity dll's ...
Register platform support module: C:/Program Files/Unity/Hub/Editor/2020.2.7f1/Editor/Data/PlaybackEngines/WindowsStandaloneSupport/UnityEditor.WindowsStandalone.Extensions.dll
Registered in 0.002686 seconds.
Native extension for WindowsStandalone target not found
Refreshing native plugins compatible for Editor in 26.59 ms, found 0 plugins.
Preloading 0 native plugins for Editor in 0.00 ms.
Invoked RoslynAnalysisRunner static constructor.
RoslynAnalysisRunner will not be running.
RoslynAnalysisRunner has terminated.
Mono: successfully reloaded assembly
- Completed reload, in  1.316 seconds
Platform modules already initialized, skipping
Registering precompiled user dll's ...
Registered in 0.000994 seconds.
Begin MonoManager ReloadAssembly
Native extension for WindowsStandalone target not found
Refreshing native plugins compatible for Editor in 0.26 ms, found 0 plugins.
Preloading 0 native plugins for Editor in 0.00 ms.
Invoked RoslynAnalysisRunner static constructor.
RoslynAnalysisRunner will not be running.
RoslynAnalysisRunner has terminated.
Mono: successfully reloaded assembly
- Completed reload, in  0.799 seconds
Platform modules already initialized, skipping
========================================================================
Worker process is ready to serve import requests
Launched and connected shader compiler UnityShaderCompiler.exe after 0.06 seconds
Refreshing native plugins compatible for Editor in 0.30 ms, found 0 plugins.
Preloading 0 native plugins for Editor in 0.00 ms.
Unloading 1191 Unused Serialized files (Serialized files now loaded: 0)
System memory in use before: 139.9 MB.
System memory in use after: 140.0 MB.

Unloading 9 unused Assets to reduce memory usage. Loaded Objects now: 1651.
Total: 2.878200 ms (FindLiveObjects: 0.152000 ms CreateObjectMapping: 0.038100 ms MarkObjects: 2.440100 ms  DeleteObjects: 0.247200 ms)

========================================================================
Received Import Request.
  path: Assets/Scenes/Act I.unity
  artifactKey: Guid(47cd513b8c4397e4ca272a1ff269d933) Importer(815301076,1909f56bfc062723c751e8b465ee728b)
Start importing Assets/Scenes/Act I.unity using Guid(47cd513b8c4397e4ca272a1ff269d933) Importer(815301076,1909f56bfc062723c751e8b465ee728b)  -> (artifact id: '343a9151ce3be5afc7532605c4333dfd') in 0.029126 seconds
  Import took 0.031779 seconds .

========================================================================
Received Import Request.
  Time since last request: 8.996299 seconds.
  path: Assets/Scenes/Act II.unity
  artifactKey: Guid(fd636ab054b1c8f4d87c0497a0223b97) Importer(815301076,1909f56bfc062723c751e8b465ee728b)
Start importing Assets/Scenes/Act II.unity using Guid(fd636ab054b1c8f4d87c0497a0223b97) Importer(815301076,1909f56bfc062723c751e8b465ee728b)  -> (artifact id: '957359ea77a244b74bd860daa00c8a28') in 0.019212 seconds
  Import took 0.022589 seconds .

========================================================================
Received Import Request.
  Time since last request: 122.705058 seconds.
  path: Assets/Scenes/Act III.unity
  artifactKey: Guid(d777c62dd45b14534b0123928e1cc7d8) Importer(815301076,1909f56bfc062723c751e8b465ee728b)
Start importing Assets/Scenes/Act III.unity using Guid(d777c62dd45b14534b0123928e1cc7d8) Importer(815301076,1909f56bfc062723c751e8b465ee728b)  -> (artifact id: '222f965b838f2d808912e1714aa2b8e0') in 0.014899 seconds
  Import took 0.020355 seconds .

========================================================================
Received Import Request.
  Time since last request: 352.370076 seconds.
  path: Assets/Scenes/Act I.unity
  artifactKey: Guid(47cd513b8c4397e4ca272a1ff269d933) Importer(815301076,1909f56bfc062723c751e8b465ee728b)
Start importing Assets/Scenes/Act I.unity using Guid(47cd513b8c4397e4ca272a1ff269d933) Importer(815301076,1909f56bfc062723c751e8b465ee728b)  -> (artifact id: '02e9692328423bb50d9d208ecfb69539') in 0.007943 seconds
  Import took 0.012767 seconds .

========================================================================
Received Import Request.
  Time since last request: 0.001167 seconds.
  path: Assets/Scenes/Act I.unity
  artifactKey: Guid(47cd513b8c4397e4ca272a1ff269d933) Importer(815301076,1909f56bfc062723c751e8b465ee728b)
Start importing Assets/Scenes/Act I.unity using Guid(47cd513b8c4397e4ca272a1ff269d933) Importer(815301076,1909f56bfc062723c751e8b465ee728b)  -> (artifact id: '02e9692328423bb50d9d208ecfb69539') in 0.006637 seconds
  Import took 0.010531 seconds .

========================================================================
Received Import Request.
  Time since last request: 7.221515 seconds.
  path: Assets/Scenes/Act II.unity
  artifactKey: Guid(fd636ab054b1c8f4d87c0497a0223b97) Importer(815301076,1909f56bfc062723c751e8b465ee728b)
Start importing Assets/Scenes/Act II.unity using Guid(fd636ab054b1c8f4d87c0497a0223b97) Importer(815301076,1909f56bfc062723c751e8b465ee728b)  -> (artifact id: '4f5e133fe6097291e3a263f6de658c42') in 0.007034 seconds
  Import took 0.010201 seconds .

========================================================================
Received Import Request.
  Time since last request: 0.001993 seconds.
  path: Assets/Scenes/Act II.unity
  artifactKey: Guid(fd636ab054b1c8f4d87c0497a0223b97) Importer(815301076,1909f56bfc062723c751e8b465ee728b)
Start importing Assets/Scenes/Act II.unity using Guid(fd636ab054b1c8f4d87c0497a0223b97) Importer(815301076,1909f56bfc062723c751e8b465ee728b)  -> (artifact id: '4f5e133fe6097291e3a263f6de658c42') in 0.007170 seconds
  Import took 0.010396 seconds .

========================================================================
Received Import Request.
  Time since last request: 2.696566 seconds.
  path: Assets/Scenes/Act III.unity
  artifactKey: Guid(d777c62dd45b14534b0123928e1cc7d8) Importer(815301076,1909f56bfc062723c751e8b465ee728b)
Start importing Assets/Scenes/Act III.unity using Guid(d777c62dd45b14534b0123928e1cc7d8) Importer(815301076,1909f56bfc062723c751e8b465ee728b)  -> (artifact id: '08f19d314880c61f3842537e87f65dd5') in 0.005631 seconds
  Import took 0.009979 seconds .

========================================================================
Received Import Request.
  Time since last request: 0.001419 seconds.
  path: Assets/Scenes/Act III.unity
  artifactKey: Guid(d777c62dd45b14534b0123928e1cc7d8) Importer(815301076,1909f56bfc062723c751e8b465ee728b)
Start importing Assets/Scenes/Act III.unity using Guid(d777c62dd45b14534b0123928e1cc7d8) Importer(815301076,1909f56bfc062723c751e8b465ee728b)  -> (artifact id: '08f19d314880c61f3842537e87f65dd5') in 0.006645 seconds
  Import took 0.010144 seconds .

========================================================================
Received Prepare
Registering precompiled user dll's ...
Registered in 0.001309 seconds.
Begin MonoManager ReloadAssembly
Native extension for WindowsStandalone target not found
Refreshing native plugins compatible for Editor in 0.29 ms, found 0 plugins.
Preloading 0 native plugins for Editor in 0.00 ms.
Invoked RoslynAnalysisRunner static constructor.
RoslynAnalysisRunner will not be running.
RoslynAnalysisRunner has terminated.
Mono: successfully reloaded assembly
- Completed reload, in  1.006 seconds
Platform modules already initialized, skipping
Refreshing native plugins compatible for Editor in 0.34 ms, found 0 plugins.
Preloading 0 native plugins for Editor in 0.00 ms.
Unloading 1175 Unused Serialized files (Serialized files now loaded: 0)
System memory in use before: 139.0 MB.
System memory in use after: 139.1 MB.

Unloading 5 unused Assets to reduce memory usage. Loaded Objects now: 1654.
Total: 2.004200 ms (FindLiveObjects: 0.130400 ms CreateObjectMapping: 0.033600 ms MarkObjects: 1.641200 ms  DeleteObjects: 0.198200 ms)

========================================================================
Received Prepare
Registering precompiled user dll's ...
Registered in 0.001042 seconds.
Begin MonoManager ReloadAssembly
Native extension for WindowsStandalone target not found
Refreshing native plugins compatible for Editor in 0.30 ms, found 0 plugins.
Preloading 0 native plugins for Editor in 0.00 ms.
Invoked RoslynAnalysisRunner static constructor.
RoslynAnalysisRunner will not be running.
RoslynAnalysisRunner has terminated.
Mono: successfully reloaded assembly
- Completed reload, in  0.961 seconds
Platform modules already initialized, skipping
Refreshing native plugins compatible for Editor in 0.37 ms, found 0 plugins.
Preloading 0 native plugins for Editor in 0.00 ms.
Unloading 1175 Unused Serialized files (Serialized files now loaded: 0)
System memory in use before: 139.1 MB.
System memory in use after: 139.1 MB.

Unloading 5 unused Assets to reduce memory usage. Loaded Objects now: 1657.
Total: 2.035000 ms (FindLiveObjects: 0.306000 ms CreateObjectMapping: 0.037800 ms MarkObjects: 1.521000 ms  DeleteObjects: 0.168800 ms)

========================================================================
Received Import Request.
  Time since last request: 929.477536 seconds.
  path: Assets/Scenes/Act III.unity
  artifactKey: Guid(d777c62dd45b14534b0123928e1cc7d8) Importer(815301076,1909f56bfc062723c751e8b465ee728b)
Start importing Assets/Scenes/Act III.unity using Guid(d777c62dd45b14534b0123928e1cc7d8) Importer(815301076,1909f56bfc062723c751e8b465ee728b)  -> (artifact id: '4131d085e9c65954bdec3f8ff9fc608b') in 0.041806 seconds
  Import took 0.044652 seconds .

========================================================================
Received Import Request.
  Time since last request: 78.943329 seconds.
  path: Assets/Scenes/Act III.unity
  artifactKey: Guid(d777c62dd45b14534b0123928e1cc7d8) Importer(815301076,1909f56bfc062723c751e8b465ee728b)
Start importing Assets/Scenes/Act III.unity using Guid(d777c62dd45b14534b0123928e1cc7d8) Importer(815301076,1909f56bfc062723c751e8b465ee728b)  -> (artifact id: '1e6a236fbc12bc42f78885535fa061c9') in 0.007622 seconds
  Import took 0.012403 seconds .

========================================================================
Received Import Request.
  Time since last request: 0.000684 seconds.
  path: Assets/Scenes/Act III.unity
  artifactKey: Guid(d777c62dd45b14534b0123928e1cc7d8) Importer(815301076,1909f56bfc062723c751e8b465ee728b)
Start importing Assets/Scenes/Act III.unity using Guid(d777c62dd45b14534b0123928e1cc7d8) Importer(815301076,1909f56bfc062723c751e8b465ee728b)  -> (artifact id: '1e6a236fbc12bc42f78885535fa061c9') in 0.006849 seconds
  Import took 0.010079 seconds .

========================================================================
Received Prepare
Registering precompiled user dll's ...
Registered in 0.001263 seconds.
Begin MonoManager ReloadAssembly
Native extension for WindowsStandalone target not found
Refreshing native plugins compatible for Editor in 0.28 ms, found 0 plugins.
Preloading 0 native plugins for Editor in 0.00 ms.
Invoked RoslynAnalysisRunner static constructor.
RoslynAnalysisRunner will not be running.
RoslynAnalysisRunner has terminated.
Mono: successfully reloaded assembly
- Completed reload, in  0.959 seconds
Platform modules already initialized, skipping
Refreshing native plugins compatible for Editor in 0.30 ms, found 0 plugins.
Preloading 0 native plugins for Editor in 0.00 ms.
Unloading 1175 Unused Serialized files (Serialized files now loaded: 0)
System memory in use before: 139.1 MB.
System memory in use after: 139.1 MB.

Unloading 5 unused Assets to reduce memory usage. Loaded Objects now: 1660.
Total: 2.061400 ms (FindLiveObjects: 0.156200 ms CreateObjectMapping: 0.040900 ms MarkObjects: 1.745800 ms  DeleteObjects: 0.117600 ms)

========================================================================
Received Prepare
Registering precompiled user dll's ...
Registered in 0.001128 seconds.
Begin MonoManager ReloadAssembly
Native extension for WindowsStandalone target not found
Refreshing native plugins compatible for Editor in 0.40 ms, found 0 plugins.
Preloading 0 native plugins for Editor in 0.00 ms.
Invoked RoslynAnalysisRunner static constructor.
RoslynAnalysisRunner will not be running.
RoslynAnalysisRunner has terminated.
Mono: successfully reloaded assembly
- Completed reload, in  1.026 seconds
Platform modules already initialized, skipping
Refreshing native plugins compatible for Editor in 0.33 ms, found 0 plugins.
Preloading 0 native plugins for Editor in 0.00 ms.
Unloading 1175 Unused Serialized files (Serialized files now loaded: 0)
System memory in use before: 139.1 MB.
System memory in use after: 139.2 MB.

Unloading 5 unused Assets to reduce memory usage. Loaded Objects now: 1663.
Total: 1.791500 ms (FindLiveObjects: 0.124700 ms CreateObjectMapping: 0.040600 ms MarkObjects: 1.455300 ms  DeleteObjects: 0.170100 ms)

========================================================================
Received Import Request.
  Time since last request: 637.340038 seconds.
  path: Assets/Shaders/Dissolve Plus 1.shader
  artifactKey: Guid(9ac2d1dc08a2e8f46a4648c6c45f337d) Importer(815301076,1909f56bfc062723c751e8b465ee728b)
Start importing Assets/Shaders/Dissolve Plus 1.shader using Guid(9ac2d1dc08a2e8f46a4648c6c45f337d) Importer(815301076,1909f56bfc062723c751e8b465ee728b)  -> (artifact id: '84c741610d23dcfee3e3d5673dd47b50') in 0.054419 seconds
  Import took 0.057566 seconds .

========================================================================
Received Import Request.
  Time since last request: 11.269761 seconds.
  path: Assets/Shaders/Dissolve Plus Ultra.shader
  artifactKey: Guid(9ac2d1dc08a2e8f46a4648c6c45f337d) Importer(815301076,1909f56bfc062723c751e8b465ee728b)
Start importing Assets/Shaders/Dissolve Plus Ultra.shader using Guid(9ac2d1dc08a2e8f46a4648c6c45f337d) Importer(815301076,1909f56bfc062723c751e8b465ee728b)  -> (artifact id: '52cc82176755ad8bd5ca8eea5e712d0a') in 0.014071 seconds
  Import took 0.019084 seconds .

========================================================================
Received Import Request.
  Time since last request: 4.759696 seconds.
  path: Assets/Shaders/materials/Grandma/yellow 1.mat
  artifactKey: Guid(b6699418e16c64eb4a7a62fa57c39d68) Importer(815301076,1909f56bfc062723c751e8b465ee728b)
Start importing Assets/Shaders/materials/Grandma/yellow 1.mat using Guid(b6699418e16c64eb4a7a62fa57c39d68) Importer(815301076,1909f56bfc062723c751e8b465ee728b)  -> (artifact id: 'a910e4877d29f55e244433f6c8be95f5') in 0.102406 seconds
  Import took 0.105139 seconds .

========================================================================
Received Import Request.
  Time since last request: 0.000338 seconds.
  path: Assets/Shaders/materials/Grandma/yellow 3.mat
  artifactKey: Guid(7bbf588b644204e23a75bea534efc0a5) Importer(815301076,1909f56bfc062723c751e8b465ee728b)
Start importing Assets/Shaders/materials/Grandma/yellow 3.mat using Guid(7bbf588b644204e23a75bea534efc0a5) Importer(815301076,1909f56bfc062723c751e8b465ee728b)  -> (artifact id: 'b9de7e3ab53389901f2d8afc01a9614a') in 0.021416 seconds
  Import took 0.025121 seconds .

========================================================================
Received Import Request.
  Time since last request: 0.000582 seconds.
  path: Assets/Shaders/materials/Grandma/yellow 2.mat
  artifactKey: Guid(241e3028a12c640cc947606b9a1714a0) Importer(815301076,1909f56bfc062723c751e8b465ee728b)
Start importing Assets/Shaders/materials/Grandma/yellow 2.mat using Guid(241e3028a12c640cc947606b9a1714a0) Importer(815301076,1909f56bfc062723c751e8b465ee728b)  -> (artifact id: '3ed18be90b871d6b737142f77d7d93a5') in 0.025801 seconds
  Import took 0.029500 seconds .

========================================================================
Received Import Request.
  Time since last request: 0.000483 seconds.
  path: Assets/Shaders/materials/Grandma/yellow 4.mat
  artifactKey: Guid(668f251f349bb429da2cb237b7abad32) Importer(815301076,1909f56bfc062723c751e8b465ee728b)
Start importing Assets/Shaders/materials/Grandma/yellow 4.mat using Guid(668f251f349bb429da2cb237b7abad32) Importer(815301076,1909f56bfc062723c751e8b465ee728b)  -> (artifact id: '64bfd4e3ef7267400be64a8387430500') in 0.021230 seconds
  Import took 0.025201 seconds .

========================================================================
Received Import Request.
  Time since last request: 0.000823 seconds.
  path: Assets/Shaders/materials/Grandma/yellow 5.mat
  artifactKey: Guid(68e9b9e1341dc43f996fe12e5ba0a8fb) Importer(815301076,1909f56bfc062723c751e8b465ee728b)
Start importing Assets/Shaders/materials/Grandma/yellow 5.mat using Guid(68e9b9e1341dc43f996fe12e5ba0a8fb) Importer(815301076,1909f56bfc062723c751e8b465ee728b)  -> (artifact id: '367b5ea5120057d287f49857366229e7') in 0.025138 seconds
  Import took 0.028323 seconds .

========================================================================
Received Import Request.
  Time since last request: 46.352071 seconds.
  path: Assets/Shaders/Dissolve Plus Ultra.shader
  artifactKey: Guid(9ac2d1dc08a2e8f46a4648c6c45f337d) Importer(815301076,1909f56bfc062723c751e8b465ee728b)
Start importing Assets/Shaders/Dissolve Plus Ultra.shader using Guid(9ac2d1dc08a2e8f46a4648c6c45f337d) Importer(815301076,1909f56bfc062723c751e8b465ee728b)  -> (artifact id: '8750176c12bdfb5126869e688c911f2b') in 0.008803 seconds
  Import took 0.012589 seconds .

========================================================================
Received Import Request.
  Time since last request: 62.154109 seconds.
  path: Assets/Shaders/Dissolve Plus Ultra.shader
  artifactKey: Guid(9ac2d1dc08a2e8f46a4648c6c45f337d) Importer(815301076,1909f56bfc062723c751e8b465ee728b)
Start importing Assets/Shaders/Dissolve Plus Ultra.shader using Guid(9ac2d1dc08a2e8f46a4648c6c45f337d) Importer(815301076,1909f56bfc062723c751e8b465ee728b)  -> (artifact id: 'cd7edae1965c7ef4dab842e57f17d18f') in 0.007194 seconds
  Import took 0.011340 seconds .

========================================================================
Received Import Request.
  Time since last request: 19.244111 seconds.
  path: Assets/Shaders/Shaders/dissovleMap.jpeg
  artifactKey: Guid(5eade575ae64cf94cadbf10a6c81ed95) Importer(815301076,1909f56bfc062723c751e8b465ee728b)
Start importing Assets/Shaders/Shaders/dissovleMap.jpeg using Guid(5eade575ae64cf94cadbf10a6c81ed95) Importer(815301076,1909f56bfc062723c751e8b465ee728b)  -> (artifact id: 'e400a1d5b05c8842dcee352fc6110815') in 0.254851 seconds
  Import took 0.259047 seconds .

========================================================================
Received Import Request.
  Time since last request: 0.006696 seconds.
  path: Assets/Shaders/Shaders/dissovleMap.jpeg
  artifactKey: Guid(5eade575ae64cf94cadbf10a6c81ed95) Importer(815301076,1909f56bfc062723c751e8b465ee728b)
Start importing Assets/Shaders/Shaders/dissovleMap.jpeg using Guid(5eade575ae64cf94cadbf10a6c81ed95) Importer(815301076,1909f56bfc062723c751e8b465ee728b)  -> (artifact id: 'e400a1d5b05c8842dcee352fc6110815') in 0.030948 seconds
  Import took 0.035763 seconds .

========================================================================
Received Import Request.
  Time since last request: 1.262174 seconds.
  path: Assets/InteractionImages/Photo1.asset
  artifactKey: Guid(87cc006a2b0814a599e82e938907873a) Importer(815301076,1909f56bfc062723c751e8b465ee728b)
Start importing Assets/InteractionImages/Photo1.asset using Guid(87cc006a2b0814a599e82e938907873a) Importer(815301076,1909f56bfc062723c751e8b465ee728b)  -> (artifact id: '4012d6f69c0381527cbd084787536fc8') in 0.045248 seconds
  Import took 0.049378 seconds .

========================================================================
Received Import Request.
  Time since last request: 0.000549 seconds.
  path: Assets/InteractionImages/Photo3.asset
  artifactKey: Guid(8fe2720a7ca4d4ebcbd46f16063c29c7) Importer(815301076,1909f56bfc062723c751e8b465ee728b)
Start importing Assets/InteractionImages/Photo3.asset using Guid(8fe2720a7ca4d4ebcbd46f16063c29c7) Importer(815301076,1909f56bfc062723c751e8b465ee728b)  -> (artifact id: 'f57c23729b350a9c8a970defa70d2314') in 0.034906 seconds
  Import took 0.039548 seconds .

========================================================================
Received Import Request.
  Time since last request: 0.000441 seconds.
  path: Assets/InteractionImages/Photo2.asset
  artifactKey: Guid(e60537cb79fdc49e9a9c1a9b9240a548) Importer(815301076,1909f56bfc062723c751e8b465ee728b)
Start importing Assets/InteractionImages/Photo2.asset using Guid(e60537cb79fdc49e9a9c1a9b9240a548) Importer(815301076,1909f56bfc062723c751e8b465ee728b)  -> (artifact id: '370bad937a9a868e56acdfb26c922fea') in 0.036445 seconds
  Import took 0.040138 seconds .

========================================================================
Received Import Request.
  Time since last request: 410.645521 seconds.
  path: Assets/Shaders/image.jpg
  artifactKey: Guid(06567e060217e684a97ce6c17bd1c8e7) Importer(815301076,1909f56bfc062723c751e8b465ee728b)
Start importing Assets/Shaders/image.jpg using Guid(06567e060217e684a97ce6c17bd1c8e7) Importer(815301076,1909f56bfc062723c751e8b465ee728b)  -> (artifact id: 'b551dd0759f34502505ab70dcee5a760') in 0.055126 seconds
  Import took 0.059407 seconds .

========================================================================
Received Import Request.
  Time since last request: 0.005012 seconds.
  path: Assets/Shaders/image.jpg
  artifactKey: Guid(06567e060217e684a97ce6c17bd1c8e7) Importer(815301076,1909f56bfc062723c751e8b465ee728b)
Start importing Assets/Shaders/image.jpg using Guid(06567e060217e684a97ce6c17bd1c8e7) Importer(815301076,1909f56bfc062723c751e8b465ee728b)  -> (artifact id: 'b551dd0759f34502505ab70dcee5a760') in 0.021140 seconds
  Import took 0.025042 seconds .

========================================================================
Received Import Request.
  Time since last request: 9.354837 seconds.
  path: Assets/Shaders/image.jpg
  artifactKey: Guid(06567e060217e684a97ce6c17bd1c8e7) Importer(815301076,1909f56bfc062723c751e8b465ee728b)
Start importing Assets/Shaders/image.jpg using Guid(06567e060217e684a97ce6c17bd1c8e7) Importer(815301076,1909f56bfc062723c751e8b465ee728b)  -> (artifact id: '96d06d9e2598d3f18591bb257e8a6b0f') in 0.043851 seconds
  Import took 0.047102 seconds .

========================================================================
Received Import Request.
  Time since last request: 0.002427 seconds.
  path: Assets/Shaders/image.jpg
  artifactKey: Guid(06567e060217e684a97ce6c17bd1c8e7) Importer(815301076,1909f56bfc062723c751e8b465ee728b)
Start importing Assets/Shaders/image.jpg using Guid(06567e060217e684a97ce6c17bd1c8e7) Importer(815301076,1909f56bfc062723c751e8b465ee728b)  -> (artifact id: '96d06d9e2598d3f18591bb257e8a6b0f') in 0.032722 seconds
  Import took 0.036368 seconds .

========================================================================
Received Import Request.
  Time since last request: 358.025789 seconds.
  path: Assets/Shaders/image2.jpg
  artifactKey: Guid(a3838d678fc781b4e8513d975657d4c8) Importer(815301076,1909f56bfc062723c751e8b465ee728b)
Start importing Assets/Shaders/image2.jpg using Guid(a3838d678fc781b4e8513d975657d4c8) Importer(815301076,1909f56bfc062723c751e8b465ee728b)  -> (artifact id: '545a01de5058a9fa2736b5d683716eda') in 0.029560 seconds
  Import took 0.034341 seconds .

========================================================================
Received Import Request.
  Time since last request: 4.533132 seconds.
  path: Assets/Shaders/image2.jpg
  artifactKey: Guid(a3838d678fc781b4e8513d975657d4c8) Importer(815301076,1909f56bfc062723c751e8b465ee728b)
Start importing Assets/Shaders/image2.jpg using Guid(a3838d678fc781b4e8513d975657d4c8) Importer(815301076,1909f56bfc062723c751e8b465ee728b)  -> (artifact id: 'c91fdc0bfc37071d0f1ecd5209373f6a') in 0.030549 seconds
  Import took 0.035354 seconds .

========================================================================
Received Import Request.
  Time since last request: 98.826326 seconds.
  path: Assets/Scenes/Act III.unity
  artifactKey: Guid(d777c62dd45b14534b0123928e1cc7d8) Importer(815301076,1909f56bfc062723c751e8b465ee728b)
Start importing Assets/Scenes/Act III.unity using Guid(d777c62dd45b14534b0123928e1cc7d8) Importer(815301076,1909f56bfc062723c751e8b465ee728b)  -> (artifact id: 'e2fb4117dfb46af7ab23352148fe340b') in 0.007626 seconds
  Import took 0.012315 seconds .

========================================================================
Received Import Request.
  Time since last request: 0.001493 seconds.
  path: Assets/Scenes/Act III.unity
  artifactKey: Guid(d777c62dd45b14534b0123928e1cc7d8) Importer(815301076,1909f56bfc062723c751e8b465ee728b)
Start importing Assets/Scenes/Act III.unity using Guid(d777c62dd45b14534b0123928e1cc7d8) Importer(815301076,1909f56bfc062723c751e8b465ee728b)  -> (artifact id: 'e2fb4117dfb46af7ab23352148fe340b') in 0.006777 seconds
  Import took 0.010107 seconds .

========================================================================
Received Import Request.
  Time since last request: 208.054238 seconds.
  path: Assets/Materials/Planets/Planet 1.mat
  artifactKey: Guid(66941b0479bb8ce4998e4c13b639cca9) Importer(815301076,1909f56bfc062723c751e8b465ee728b)
Start importing Assets/Materials/Planets/Planet 1.mat using Guid(66941b0479bb8ce4998e4c13b639cca9) Importer(815301076,1909f56bfc062723c751e8b465ee728b)  -> (artifact id: '2d7ff123bbd56d1b3660837db8412c71') in 0.040495 seconds
  Import took 0.044155 seconds .

========================================================================
Received Import Request.
  Time since last request: 11.387901 seconds.
  path: Assets/Scenes/Act II.unity
  artifactKey: Guid(fd636ab054b1c8f4d87c0497a0223b97) Importer(815301076,1909f56bfc062723c751e8b465ee728b)
Start importing Assets/Scenes/Act II.unity using Guid(fd636ab054b1c8f4d87c0497a0223b97) Importer(815301076,1909f56bfc062723c751e8b465ee728b)  -> (artifact id: '8eeb28cba15af91c29d35ad0c573a5f7') in 0.013510 seconds
  Import took 0.017666 seconds .

========================================================================
Received Import Request.
  Time since last request: 8.655057 seconds.
  path: Assets/Scenes/Act III.unity
  artifactKey: Guid(d777c62dd45b14534b0123928e1cc7d8) Importer(815301076,1909f56bfc062723c751e8b465ee728b)
Start importing Assets/Scenes/Act III.unity using Guid(d777c62dd45b14534b0123928e1cc7d8) Importer(815301076,1909f56bfc062723c751e8b465ee728b)  -> (artifact id: 'e1aa4da086de9fde50364b15cbf84767') in 0.005189 seconds
  Import took 0.011106 seconds .

========================================================================
Received Import Request.
  Time since last request: 0.001671 seconds.
  path: Assets/Scenes/Act III.unity
  artifactKey: Guid(d777c62dd45b14534b0123928e1cc7d8) Importer(815301076,1909f56bfc062723c751e8b465ee728b)
Start importing Assets/Scenes/Act III.unity using Guid(d777c62dd45b14534b0123928e1cc7d8) Importer(815301076,1909f56bfc062723c751e8b465ee728b)  -> (artifact id: 'e1aa4da086de9fde50364b15cbf84767') in 0.007484 seconds
  Import took 0.012369 seconds .

========================================================================
Received Import Request.
  Time since last request: 358.066646 seconds.
  path: Assets/Scenes/Act III.unity
  artifactKey: Guid(d777c62dd45b14534b0123928e1cc7d8) Importer(815301076,1909f56bfc062723c751e8b465ee728b)
Start importing Assets/Scenes/Act III.unity using Guid(d777c62dd45b14534b0123928e1cc7d8) Importer(815301076,1909f56bfc062723c751e8b465ee728b)  -> (artifact id: '629dc29b1754beab5b3d7f5ccc7d1805') in 0.013926 seconds
  Import took 0.018011 seconds .

========================================================================
Received Prepare
Refreshing native plugins compatible for Editor in 1.04 ms, found 0 plugins.
Preloading 0 native plugins for Editor in 0.00 ms.
Unloading 7 Unused Serialized files (Serialized files now loaded: 0)
System memory in use before: 120.4 MB.
System memory in use after: 120.2 MB.

Unloading 7 unused Assets to reduce memory usage. Loaded Objects now: 1707.
Total: 6.597800 ms (FindLiveObjects: 0.197600 ms CreateObjectMapping: 0.049600 ms MarkObjects: 5.688500 ms  DeleteObjects: 0.660300 ms)

========================================================================
Received Prepare
Refreshing native plugins compatible for Editor in 0.85 ms, found 0 plugins.
Preloading 0 native plugins for Editor in 0.00 ms.
Unloading 6 Unused Serialized files (Serialized files now loaded: 0)
System memory in use before: 120.3 MB.
System memory in use after: 120.1 MB.

Unloading 6 unused Assets to reduce memory usage. Loaded Objects now: 1707.
Total: 3.267400 ms (FindLiveObjects: 0.252800 ms CreateObjectMapping: 0.065800 ms MarkObjects: 2.541800 ms  DeleteObjects: 0.406000 ms)

========================================================================
Received Prepare
Refreshing native plugins compatible for Editor in 0.96 ms, found 0 plugins.
Preloading 0 native plugins for Editor in 0.00 ms.
Unloading 6 Unused Serialized files (Serialized files now loaded: 0)
System memory in use before: 120.3 MB.
System memory in use after: 120.1 MB.

Unloading 6 unused Assets to reduce memory usage. Loaded Objects now: 1707.
Total: 5.745300 ms (FindLiveObjects: 1.908900 ms CreateObjectMapping: 0.597200 ms MarkObjects: 2.800100 ms  DeleteObjects: 0.437600 ms)

========================================================================
Received Prepare
Registering precompiled user dll's ...
Registered in 0.001264 seconds.
Begin MonoManager ReloadAssembly
Native extension for WindowsStandalone target not found
Refreshing native plugins compatible for Editor in 0.75 ms, found 0 plugins.
Preloading 0 native plugins for Editor in 0.00 ms.
Invoked RoslynAnalysisRunner static constructor.
RoslynAnalysisRunner will not be running.
RoslynAnalysisRunner has terminated.
Mono: successfully reloaded assembly
- Completed reload, in  2.327 seconds
Platform modules already initialized, skipping
Refreshing native plugins compatible for Editor in 0.67 ms, found 0 plugins.
Preloading 0 native plugins for Editor in 0.00 ms.
Unloading 1178 Unused Serialized files (Serialized files now loaded: 0)
System memory in use before: 143.3 MB.
System memory in use after: 143.1 MB.

Unloading 8 unused Assets to reduce memory usage. Loaded Objects now: 1710.
Total: 5.676100 ms (FindLiveObjects: 0.340900 ms CreateObjectMapping: 0.097000 ms MarkObjects: 4.434900 ms  DeleteObjects: 0.800800 ms)

========================================================================
Received Import Request.
  Time since last request: 1614.782900 seconds.
  path: Assets/Scenes/Act I.unity
  artifactKey: Guid(47cd513b8c4397e4ca272a1ff269d933) Importer(815301076,1909f56bfc062723c751e8b465ee728b)
Start importing Assets/Scenes/Act I.unity using Guid(47cd513b8c4397e4ca272a1ff269d933) Importer(815301076,1909f56bfc062723c751e8b465ee728b)  -> (artifact id: '99199030cfc93bb84e9eb3a473d84588') in 0.025617 seconds
  Import took 0.029521 seconds .

========================================================================
Received Prepare
Registering precompiled user dll's ...
Registered in 0.001572 seconds.
Begin MonoManager ReloadAssembly
Native extension for WindowsStandalone target not found
Refreshing native plugins compatible for Editor in 0.37 ms, found 0 plugins.
Preloading 0 native plugins for Editor in 0.00 ms.
Invoked RoslynAnalysisRunner static constructor.
RoslynAnalysisRunner will not be running.
RoslynAnalysisRunner has terminated.
Mono: successfully reloaded assembly
- Completed reload, in  1.284 seconds
Platform modules already initialized, skipping
Refreshing native plugins compatible for Editor in 0.41 ms, found 0 plugins.
Preloading 0 native plugins for Editor in 0.00 ms.
Unloading 1178 Unused Serialized files (Serialized files now loaded: 0)
System memory in use before: 143.3 MB.
System memory in use after: 143.1 MB.

Unloading 8 unused Assets to reduce memory usage. Loaded Objects now: 1713.
Total: 3.493700 ms (FindLiveObjects: 0.253100 ms CreateObjectMapping: 0.060600 ms MarkObjects: 2.520500 ms  DeleteObjects: 0.657700 ms)

AssetImportWorkerClient::OnTransportError - code=2 error=End of file
